<?xml version="1.0" encoding="UTF-8"?>
<testng-results skipped="0" failed="0" ignored="0" total="1" passed="1">
  <reporter-output>
  </reporter-output>
  <suite name="Default suite" duration-ms="21719" started-at="2021-10-18T14:18:01Z" finished-at="2021-10-18T14:18:22Z">
    <groups>
    </groups>
    <test name="Default test" duration-ms="21719" started-at="2021-10-18T14:18:01Z" finished-at="2021-10-18T14:18:22Z">
      <class name="org.some.Main_FlipKart">
        <test-method status="PASS" signature="before()[pri:0, instance:org.some.Main_FlipKart@146ba0ac]" name="before" is-config="true" duration-ms="7144" started-at="2021-10-18T14:18:01Z" finished-at="2021-10-18T14:18:08Z">
          <reporter-output>
          </reporter-output>
        </test-method> <!-- before -->
        <test-method status="PASS" signature="test()[pri:0, instance:org.some.Main_FlipKart@146ba0ac]" name="test" duration-ms="14548" started-at="2021-10-18T14:18:08Z" finished-at="2021-10-18T14:18:22Z">
          <reporter-output>
          </reporter-output>
        </test-method> <!-- test -->
      </class> <!-- org.some.Main_FlipKart -->
    </test> <!-- Default test -->
  </suite> <!-- Default suite -->
</testng-results>
